<?xml version="1.0" encoding="UTF-8"?>
<!-- Generated by org.testng.reporters.JUnitReportReporter -->
<testsuite hostname="Roy-PC" failures="0" tests="1" name="testCases.TC_LoginTest_001" time="13.149" errors="0" timestamp="2023-05-15T09:37:30 CEST" skipped="0">
  <testcase classname="testCases.TC_LoginTest_001" name="loginTest" time="13.149"/>
  <system-out/>
</testsuite> <!-- testCases.TC_LoginTest_001 -->
