<?xml version="1.0" encoding="UTF-8"?>
<!-- Generated by org.testng.reporters.JUnitReportReporter -->
<testsuite hostname="Roy-PC" failures="0" tests="1" name="com.ebanking.testCases.TC_LoginTest_001" time="5.774" errors="0" timestamp="2023-05-16T17:54:14 CEST" skipped="0">
  <testcase classname="com.ebanking.testCases.TC_LoginTest_001" name="loginTest" time="5.774"/>
  <system-out/>
</testsuite> <!-- com.ebanking.testCases.TC_LoginTest_001 -->
